2024-06-07 16:50:10.059  INFO 22740 --- [restartedMain] com.example.logger.LoggerApplication     : Starting LoggerApplication using Java 11.0.20 on KOMAL with PID 22740 (D:\OM_Software_programs\logger\target\classes started by DELL in D:\OM_Software_programs\logger)
2024-06-07 16:50:10.059  INFO 22740 --- [restartedMain] com.example.logger.LoggerApplication     : No active profile set, falling back to default profiles: default
2024-06-07 16:50:10.175  INFO 22740 --- [restartedMain] .s.d.r.c.RepositoryConfigurationDelegate : Bootstrapping Spring Data JPA repositories in DEFAULT mode.
2024-06-07 16:50:10.176  INFO 22740 --- [restartedMain] .s.d.r.c.RepositoryConfigurationDelegate : Finished Spring Data repository scanning in 0 ms. Found 0 JPA repository interfaces.
2024-06-07 16:50:10.262  INFO 22740 --- [restartedMain] o.s.b.w.embedded.tomcat.TomcatWebServer  : Tomcat initialized with port(s): 8080 (http)
2024-06-07 16:50:10.262  INFO 22740 --- [restartedMain] o.apache.catalina.core.StandardService   : Starting service [Tomcat]
2024-06-07 16:50:10.264  INFO 22740 --- [restartedMain] org.apache.catalina.core.StandardEngine  : Starting Servlet engine: [Apache Tomcat/9.0.41]
2024-06-07 16:50:10.288  INFO 22740 --- [restartedMain] o.a.c.c.C.[Tomcat].[localhost].[/]       : Initializing Spring embedded WebApplicationContext
2024-06-07 16:50:10.290  INFO 22740 --- [restartedMain] w.s.c.ServletWebServerApplicationContext : Root WebApplicationContext: initialization completed in 227 ms
2024-06-07 16:50:10.326  INFO 22740 --- [restartedMain] o.hibernate.jpa.internal.util.LogHelper  : HHH000204: Processing PersistenceUnitInfo [name: default]
2024-06-07 16:50:10.333  INFO 22740 --- [restartedMain] com.zaxxer.hikari.HikariDataSource       : HikariPool-2 - Starting...
2024-06-07 16:50:10.337  INFO 22740 --- [restartedMain] com.zaxxer.hikari.HikariDataSource       : HikariPool-2 - Start completed.
2024-06-07 16:50:10.339  INFO 22740 --- [restartedMain] org.hibernate.dialect.Dialect            : HHH000400: Using dialect: org.hibernate.dialect.MySQL5Dialect
2024-06-07 16:50:10.357  INFO 22740 --- [restartedMain] o.h.e.t.j.p.i.JtaPlatformInitiator       : HHH000490: Using JtaPlatform implementation: [org.hibernate.engine.transaction.jta.platform.internal.NoJtaPlatform]
2024-06-07 16:50:10.357  INFO 22740 --- [restartedMain] j.LocalContainerEntityManagerFactoryBean : Initialized JPA EntityManagerFactory for persistence unit 'default'
2024-06-07 16:50:10.367  INFO 22740 --- [restartedMain] o.s.b.d.a.OptionalLiveReloadServer       : LiveReload server is running on port 35729
2024-06-07 16:50:10.381  WARN 22740 --- [restartedMain] JpaBaseConfiguration$JpaWebConfiguration : spring.jpa.open-in-view is enabled by default. Therefore, database queries may be performed during view rendering. Explicitly configure spring.jpa.open-in-view to disable this warning
2024-06-07 16:50:10.414  INFO 22740 --- [restartedMain] o.s.s.concurrent.ThreadPoolTaskExecutor  : Initializing ExecutorService 'applicationTaskExecutor'
2024-06-07 16:50:10.439  WARN 22740 --- [restartedMain] ion$DefaultTemplateResolverConfiguration : Cannot find template location: classpath:/templates/ (please add some templates or check your Thymeleaf configuration)
2024-06-07 16:50:10.472  INFO 22740 --- [restartedMain] o.s.b.w.embedded.tomcat.TomcatWebServer  : Tomcat started on port(s): 8080 (http) with context path ''
2024-06-07 16:50:10.476  INFO 22740 --- [restartedMain] com.example.logger.LoggerApplication     : Started LoggerApplication in 0.45 seconds (JVM running for 474.626)
2024-06-07 16:50:10.477  INFO 22740 --- [restartedMain] .ConditionEvaluationDeltaLoggingListener : Condition evaluation unchanged
2024-06-07 16:50:11.986  INFO 22740 --- [Thread-8] o.s.s.concurrent.ThreadPoolTaskExecutor  : Shutting down ExecutorService 'applicationTaskExecutor'
2024-06-07 16:50:11.987  INFO 22740 --- [Thread-8] j.LocalContainerEntityManagerFactoryBean : Closing JPA EntityManagerFactory for persistence unit 'default'
2024-06-07 16:50:11.988  INFO 22740 --- [Thread-8] com.zaxxer.hikari.HikariDataSource       : HikariPool-2 - Shutdown initiated...
2024-06-07 16:50:11.994  INFO 22740 --- [Thread-8] com.zaxxer.hikari.HikariDataSource       : HikariPool-2 - Shutdown completed.
2024-06-07 16:50:12.045  INFO 22740 --- [restartedMain] com.example.logger.LoggerApplication     : Starting LoggerApplication using Java 11.0.20 on KOMAL with PID 22740 (D:\OM_Software_programs\logger\target\classes started by DELL in D:\OM_Software_programs\logger)
2024-06-07 16:50:12.045  INFO 22740 --- [restartedMain] com.example.logger.LoggerApplication     : No active profile set, falling back to default profiles: default
2024-06-07 16:50:12.143  INFO 22740 --- [restartedMain] .s.d.r.c.RepositoryConfigurationDelegate : Bootstrapping Spring Data JPA repositories in DEFAULT mode.
2024-06-07 16:50:12.151  INFO 22740 --- [restartedMain] .s.d.r.c.RepositoryConfigurationDelegate : Finished Spring Data repository scanning in 8 ms. Found 1 JPA repository interfaces.
2024-06-07 16:50:12.212  INFO 22740 --- [restartedMain] o.s.b.w.embedded.tomcat.TomcatWebServer  : Tomcat initialized with port(s): 8080 (http)
2024-06-07 16:50:12.212  INFO 22740 --- [restartedMain] o.apache.catalina.core.StandardService   : Starting service [Tomcat]
2024-06-07 16:50:12.213  INFO 22740 --- [restartedMain] org.apache.catalina.core.StandardEngine  : Starting Servlet engine: [Apache Tomcat/9.0.41]
2024-06-07 16:50:12.230  INFO 22740 --- [restartedMain] o.a.c.c.C.[Tomcat].[localhost].[/]       : Initializing Spring embedded WebApplicationContext
2024-06-07 16:50:12.231  INFO 22740 --- [restartedMain] w.s.c.ServletWebServerApplicationContext : Root WebApplicationContext: initialization completed in 184 ms
2024-06-07 16:50:12.253  INFO 22740 --- [restartedMain] o.hibernate.jpa.internal.util.LogHelper  : HHH000204: Processing PersistenceUnitInfo [name: default]
2024-06-07 16:50:12.256  INFO 22740 --- [restartedMain] com.zaxxer.hikari.HikariDataSource       : HikariPool-3 - Starting...
2024-06-07 16:50:12.258  INFO 22740 --- [restartedMain] com.zaxxer.hikari.HikariDataSource       : HikariPool-3 - Start completed.
2024-06-07 16:50:12.259  INFO 22740 --- [restartedMain] org.hibernate.dialect.Dialect            : HHH000400: Using dialect: org.hibernate.dialect.MySQL5Dialect
2024-06-07 16:50:12.286  INFO 22740 --- [restartedMain] o.h.e.t.j.p.i.JtaPlatformInitiator       : HHH000490: Using JtaPlatform implementation: [org.hibernate.engine.transaction.jta.platform.internal.NoJtaPlatform]
2024-06-07 16:50:12.286  INFO 22740 --- [restartedMain] j.LocalContainerEntityManagerFactoryBean : Initialized JPA EntityManagerFactory for persistence unit 'default'
2024-06-07 16:50:12.292  INFO 22740 --- [restartedMain] o.s.b.d.a.OptionalLiveReloadServer       : LiveReload server is running on port 35729
2024-06-07 16:50:12.324  WARN 22740 --- [restartedMain] JpaBaseConfiguration$JpaWebConfiguration : spring.jpa.open-in-view is enabled by default. Therefore, database queries may be performed during view rendering. Explicitly configure spring.jpa.open-in-view to disable this warning
2024-06-07 16:50:12.341  INFO 22740 --- [restartedMain] o.s.s.concurrent.ThreadPoolTaskExecutor  : Initializing ExecutorService 'applicationTaskExecutor'
2024-06-07 16:50:12.360  WARN 22740 --- [restartedMain] ion$DefaultTemplateResolverConfiguration : Cannot find template location: classpath:/templates/ (please add some templates or check your Thymeleaf configuration)
2024-06-07 16:50:12.383  INFO 22740 --- [restartedMain] o.s.b.w.embedded.tomcat.TomcatWebServer  : Tomcat started on port(s): 8080 (http) with context path ''
2024-06-07 16:50:12.385  INFO 22740 --- [restartedMain] com.example.logger.LoggerApplication     : Started LoggerApplication in 0.358 seconds (JVM running for 476.536)
2024-06-07 16:50:12.386  INFO 22740 --- [restartedMain] .ConditionEvaluationDeltaLoggingListener : Condition evaluation unchanged
2024-06-07 16:50:16.882  INFO 28828 --- [restartedMain] com.example.logger.LoggerApplication     : Starting LoggerApplication using Java 11.0.20 on KOMAL with PID 28828 (D:\OM_Software_programs\logger\target\classes started by DELL in D:\OM_Software_programs\logger)
2024-06-07 16:50:16.884  INFO 28828 --- [restartedMain] com.example.logger.LoggerApplication     : No active profile set, falling back to default profiles: default
2024-06-07 16:50:16.912  INFO 28828 --- [restartedMain] .e.DevToolsPropertyDefaultsPostProcessor : Devtools property defaults active! Set 'spring.devtools.add-properties' to 'false' to disable
2024-06-07 16:50:16.912  INFO 28828 --- [restartedMain] .e.DevToolsPropertyDefaultsPostProcessor : For additional web related logging consider setting the 'logging.level.web' property to 'DEBUG'
2024-06-07 16:50:17.506  INFO 28828 --- [restartedMain] .s.d.r.c.RepositoryConfigurationDelegate : Bootstrapping Spring Data JPA repositories in DEFAULT mode.
2024-06-07 16:50:17.555  INFO 28828 --- [restartedMain] .s.d.r.c.RepositoryConfigurationDelegate : Finished Spring Data repository scanning in 43 ms. Found 1 JPA repository interfaces.
2024-06-07 16:50:17.992  INFO 28828 --- [restartedMain] o.s.b.w.embedded.tomcat.TomcatWebServer  : Tomcat initialized with port(s): 8080 (http)
2024-06-07 16:50:17.998  INFO 28828 --- [restartedMain] o.apache.catalina.core.StandardService   : Starting service [Tomcat]
2024-06-07 16:50:17.998  INFO 28828 --- [restartedMain] org.apache.catalina.core.StandardEngine  : Starting Servlet engine: [Apache Tomcat/9.0.41]
2024-06-07 16:50:18.075  INFO 28828 --- [restartedMain] o.a.c.c.C.[Tomcat].[localhost].[/]       : Initializing Spring embedded WebApplicationContext
2024-06-07 16:50:18.076  INFO 28828 --- [restartedMain] w.s.c.ServletWebServerApplicationContext : Root WebApplicationContext: initialization completed in 1163 ms
2024-06-07 16:50:18.161  INFO 28828 --- [restartedMain] o.hibernate.jpa.internal.util.LogHelper  : HHH000204: Processing PersistenceUnitInfo [name: default]
2024-06-07 16:50:18.186  INFO 28828 --- [restartedMain] org.hibernate.Version                    : HHH000412: Hibernate ORM core version 5.4.25.Final
2024-06-07 16:50:18.249  INFO 28828 --- [restartedMain] o.hibernate.annotations.common.Version   : HCANN000001: Hibernate Commons Annotations {5.1.2.Final}
2024-06-07 16:50:18.300  INFO 28828 --- [restartedMain] com.zaxxer.hikari.HikariDataSource       : HikariPool-1 - Starting...
2024-06-07 16:50:18.392  INFO 28828 --- [restartedMain] com.zaxxer.hikari.HikariDataSource       : HikariPool-1 - Start completed.
2024-06-07 16:50:18.399  INFO 28828 --- [restartedMain] org.hibernate.dialect.Dialect            : HHH000400: Using dialect: org.hibernate.dialect.MySQL5Dialect
2024-06-07 16:50:18.743  INFO 28828 --- [restartedMain] o.h.e.t.j.p.i.JtaPlatformInitiator       : HHH000490: Using JtaPlatform implementation: [org.hibernate.engine.transaction.jta.platform.internal.NoJtaPlatform]
2024-06-07 16:50:18.748  INFO 28828 --- [restartedMain] j.LocalContainerEntityManagerFactoryBean : Initialized JPA EntityManagerFactory for persistence unit 'default'
2024-06-07 16:50:18.772  INFO 28828 --- [restartedMain] o.s.b.d.a.OptionalLiveReloadServer       : LiveReload server is running on port 35729
2024-06-07 16:50:18.958  WARN 28828 --- [restartedMain] JpaBaseConfiguration$JpaWebConfiguration : spring.jpa.open-in-view is enabled by default. Therefore, database queries may be performed during view rendering. Explicitly configure spring.jpa.open-in-view to disable this warning
2024-06-07 16:50:19.042  INFO 28828 --- [restartedMain] o.s.s.concurrent.ThreadPoolTaskExecutor  : Initializing ExecutorService 'applicationTaskExecutor'
2024-06-07 16:50:19.139  WARN 28828 --- [restartedMain] ion$DefaultTemplateResolverConfiguration : Cannot find template location: classpath:/templates/ (please add some templates or check your Thymeleaf configuration)
2024-06-07 16:50:19.234  INFO 28828 --- [restartedMain] o.s.b.w.embedded.tomcat.TomcatWebServer  : Tomcat started on port(s): 8080 (http) with context path ''
2024-06-07 16:50:19.242  INFO 28828 --- [restartedMain] com.example.logger.LoggerApplication     : Started LoggerApplication in 2.727 seconds (JVM running for 4.207)
2024-06-07 16:51:09.719  INFO 28828 --- [http-nio-8080-exec-1] o.a.c.c.C.[Tomcat].[localhost].[/]       : Initializing Spring DispatcherServlet 'dispatcherServlet'
2024-06-07 16:51:09.722  INFO 28828 --- [http-nio-8080-exec-1] o.s.web.servlet.DispatcherServlet        : Initializing Servlet 'dispatcherServlet'
2024-06-07 16:51:09.723  INFO 28828 --- [http-nio-8080-exec-1] o.s.web.servlet.DispatcherServlet        : Completed initialization in 1 ms
2024-06-07 16:51:09.834  INFO 28828 --- [http-nio-8080-exec-1] c.e.l.serviceImpl.EmployeeServiceImpl    : Starting saveOrUpdate method.
2024-06-07 16:51:09.919  INFO 28828 --- [http-nio-8080-exec-1] c.e.l.serviceImpl.EmployeeServiceImpl    : Employee details saved successfully for ID: 5
2024-06-07 18:02:48.033  WARN 28828 --- [HikariPool-1 housekeeper] com.zaxxer.hikari.pool.HikariPool        : HikariPool-1 - Thread starvation or clock leap detected (housekeeper delta=21m28s783ms729µs100ns).
